build/app/intermediates/manifest_merge_blame_file/debug/manifest-merger-blame-debug-report.txt
1<?xml version="1.0" encoding="utf-8"?>
2<manifest xmlns:android="http://schemas.android.com/apk/res/android"
3    package="com.example.weighttrackerapp"
4    android:versionCode="1"
5    android:versionName="1.0.0" >
6
7    <uses-sdk
8        android:minSdkVersion="16"
9        android:targetSdkVersion="28" />
10    <!--
11         Flutter needs it to communicate with the running application
12         to allow setting breakpoints, to provide hot reload, etc.
13    -->
14    <uses-permission android:name="android.permission.INTERNET" />
14-->src/debug/AndroidManifest.xml:6:5-66
14-->src/debug/AndroidManifest.xml:6:22-64
15    <uses-permission android:name="android.permission.ACCESS_NETWORK_STATE" />
15-->[com.google.android.gms:play-services-measurement:17.2.2] AndroidManifest.xml:24:5-79
15-->[com.google.android.gms:play-services-measurement:17.2.2] AndroidManifest.xml:24:22-76
16    <uses-permission android:name="android.permission.WAKE_LOCK" />
16-->[com.google.android.gms:play-services-measurement:17.2.2] AndroidManifest.xml:25:5-68
16-->[com.google.android.gms:play-services-measurement:17.2.2] AndroidManifest.xml:25:22-65
17    <uses-permission android:name="com.google.android.finsky.permission.BIND_GET_INSTALL_REFERRER_SERVICE" /> <!-- Required by older versions of Google Play services to create IID tokens -->
17-->[com.google.android.gms:play-services-measurement:17.2.2] AndroidManifest.xml:26:5-110
17-->[com.google.android.gms:play-services-measurement:17.2.2] AndroidManifest.xml:26:22-107
18    <uses-permission android:name="com.google.android.c2dm.permission.RECEIVE" />
18-->[com.google.firebase:firebase-iid:20.0.2] AndroidManifest.xml:26:5-82
18-->[com.google.firebase:firebase-iid:20.0.2] AndroidManifest.xml:26:22-79
19    <!--
20 io.flutter.app.FlutterApplication is an android.app.Application that
21         calls FlutterMain.startInitialization(this); in its onCreate method.
22         In most cases you can leave this as-is, but you if you want to provide
23         additional functionality it is fine to subclass or reimplement
24         FlutterApplication and put your custom class here.
25    -->
26    <application
26-->src/main/AndroidManifest.xml:8:5-46:19
27        android:name="io.flutter.app.FlutterApplication"
27-->src/main/AndroidManifest.xml:9:9-57
28        android:appComponentFactory="androidx.core.app.CoreComponentFactory"
28-->[androidx.core:core:1.1.0] AndroidManifest.xml:24:18-86
29        android:debuggable="true"
30        android:icon="@mipmap/ic_launcher"
30-->src/main/AndroidManifest.xml:11:9-43
31        android:label="weighttrackerapp" >
31-->src/main/AndroidManifest.xml:10:9-41
32        <activity
32-->src/main/AndroidManifest.xml:12:9-40:20
33            android:name="com.example.weighttrackerapp.MainActivity"
33-->src/main/AndroidManifest.xml:13:13-41
34            android:configChanges="orientation|keyboardHidden|keyboard|screenSize|smallestScreenSize|locale|layoutDirection|fontScale|screenLayout|density|uiMode"
34-->src/main/AndroidManifest.xml:16:13-163
35            android:hardwareAccelerated="true"
35-->src/main/AndroidManifest.xml:17:13-47
36            android:launchMode="singleTop"
36-->src/main/AndroidManifest.xml:14:13-43
37            android:theme="@style/LaunchTheme"
37-->src/main/AndroidManifest.xml:15:13-47
38            android:windowSoftInputMode="adjustResize" >
38-->src/main/AndroidManifest.xml:18:13-55
39
40            <!--
41                 Specifies an Android theme to apply to this Activity as soon as
42                 the Android process has started. This theme is visible to the user
43                 while the Flutter UI initializes. After that, this theme continues
44                 to determine the Window background behind the Flutter UI.
45            -->
46            <meta-data
46-->src/main/AndroidManifest.xml:23:13-26:17
47                android:name="io.flutter.embedding.android.NormalTheme"
47-->src/main/AndroidManifest.xml:24:15-70
48                android:resource="@style/NormalTheme" />
48-->src/main/AndroidManifest.xml:25:15-52
49            <!--
50                 Displays an Android View that continues showing the launch screen
51                 Drawable until Flutter paints its first frame, then this splash
52                 screen fades out. A splash screen is useful to avoid any visual
53                 gap between the end of Android's launch screen and the painting of
54                 Flutter's first frame.
55            -->
56            <meta-data
56-->src/main/AndroidManifest.xml:32:13-35:17
57                android:name="io.flutter.embedding.android.SplashScreenDrawable"
57-->src/main/AndroidManifest.xml:33:15-79
58                android:resource="@drawable/launch_background" />
58-->src/main/AndroidManifest.xml:34:15-61
59
60            <intent-filter>
60-->src/main/AndroidManifest.xml:36:13-39:29
61                <action android:name="android.intent.action.MAIN" />
61-->src/main/AndroidManifest.xml:37:17-68
61-->src/main/AndroidManifest.xml:37:25-66
62
63                <category android:name="android.intent.category.LAUNCHER" />
63-->src/main/AndroidManifest.xml:38:17-76
63-->src/main/AndroidManifest.xml:38:27-74
64            </intent-filter>
65        </activity>
66        <!--
67             Don't delete the meta-data below.
68             This is used by the Flutter tool to generate GeneratedPluginRegistrant.java
69        -->
70        <meta-data
70-->src/main/AndroidManifest.xml:43:9-45:33
71            android:name="flutterEmbedding"
71-->src/main/AndroidManifest.xml:44:13-44
72            android:value="2" />
72-->src/main/AndroidManifest.xml:45:13-30
73
74        <service
74-->[:firebase_auth] AndroidManifest.xml:8:9-12:19
75            android:name="com.google.firebase.components.ComponentDiscoveryService"
75-->[:firebase_auth] AndroidManifest.xml:8:18-89
76            android:directBootAware="true"
76-->[com.google.firebase:firebase-common:19.3.0] AndroidManifest.xml:34:13-43
77            android:exported="false" >
77-->[com.google.firebase:firebase-auth:19.2.0] AndroidManifest.xml:35:13-37
78            <meta-data
78-->[:firebase_auth] AndroidManifest.xml:9:13-11:85
79                android:name="com.google.firebase.components:io.flutter.plugins.firebaseauth.FlutterFirebaseAppRegistrar"
79-->[:firebase_auth] AndroidManifest.xml:10:17-122
80                android:value="com.google.firebase.components.ComponentRegistrar" />
80-->[:firebase_auth] AndroidManifest.xml:11:17-82
81            <meta-data
81-->[:cloud_firestore] AndroidManifest.xml:9:13-11:85
82                android:name="com.google.firebase.components:io.flutter.plugins.firebase.cloudfirestore.FlutterFirebaseAppRegistrar"
82-->[:cloud_firestore] AndroidManifest.xml:10:17-133
83                android:value="com.google.firebase.components.ComponentRegistrar" />
83-->[:cloud_firestore] AndroidManifest.xml:11:17-82
84            <meta-data
84-->[:firebase_database] AndroidManifest.xml:9:13-11:85
85                android:name="com.google.firebase.components:io.flutter.plugins.firebase.database.FlutterFirebaseAppRegistrar"
85-->[:firebase_database] AndroidManifest.xml:10:17-127
86                android:value="com.google.firebase.components.ComponentRegistrar" />
86-->[:firebase_database] AndroidManifest.xml:11:17-82
87            <meta-data
87-->[:firebase_core] AndroidManifest.xml:9:13-11:85
88                android:name="com.google.firebase.components:io.flutter.plugins.firebase.core.FlutterFirebaseAppRegistrar"
88-->[:firebase_core] AndroidManifest.xml:10:17-123
89                android:value="com.google.firebase.components.ComponentRegistrar" />
89-->[:firebase_core] AndroidManifest.xml:11:17-82
90            <meta-data
90-->[com.google.firebase:firebase-auth:19.2.0] AndroidManifest.xml:36:13-38:85
91                android:name="com.google.firebase.components:com.google.firebase.auth.FirebaseAuthRegistrar"
91-->[com.google.firebase:firebase-auth:19.2.0] AndroidManifest.xml:37:17-109
92                android:value="com.google.firebase.components.ComponentRegistrar" />
92-->[com.google.firebase:firebase-auth:19.2.0] AndroidManifest.xml:38:17-82
93            <meta-data
93-->[com.google.android.gms:play-services-measurement-api:17.2.2] AndroidManifest.xml:30:13-32:85
94                android:name="com.google.firebase.components:com.google.firebase.analytics.connector.internal.AnalyticsConnectorRegistrar"
94-->[com.google.android.gms:play-services-measurement-api:17.2.2] AndroidManifest.xml:31:17-139
95                android:value="com.google.firebase.components.ComponentRegistrar" />
95-->[com.google.android.gms:play-services-measurement-api:17.2.2] AndroidManifest.xml:32:17-82
96            <meta-data
96-->[com.google.firebase:firebase-firestore:21.3.0] AndroidManifest.xml:20:13-22:85
97                android:name="com.google.firebase.components:com.google.firebase.firestore.FirestoreRegistrar"
97-->[com.google.firebase:firebase-firestore:21.3.0] AndroidManifest.xml:21:17-111
98                android:value="com.google.firebase.components.ComponentRegistrar" />
98-->[com.google.firebase:firebase-firestore:21.3.0] AndroidManifest.xml:22:17-82
99            <meta-data
99-->[com.google.firebase:firebase-database:17.0.0] AndroidManifest.xml:30:13-32:85
100                android:name="com.google.firebase.components:com.google.firebase.database.DatabaseRegistrar"
100-->[com.google.firebase:firebase-database:17.0.0] AndroidManifest.xml:31:17-109
101                android:value="com.google.firebase.components.ComponentRegistrar" />
101-->[com.google.firebase:firebase-database:17.0.0] AndroidManifest.xml:32:17-82
102            <meta-data
102-->[com.google.firebase:firebase-iid:20.0.2] AndroidManifest.xml:32:13-34:85
103                android:name="com.google.firebase.components:com.google.firebase.iid.Registrar"
103-->[com.google.firebase:firebase-iid:20.0.2] AndroidManifest.xml:33:17-96
104                android:value="com.google.firebase.components.ComponentRegistrar" />
104-->[com.google.firebase:firebase-iid:20.0.2] AndroidManifest.xml:34:17-82
105        </service>
106
107        <activity
107-->[com.google.firebase:firebase-auth:19.2.0] AndroidManifest.xml:24:9-31:50
108            android:name="com.google.firebase.auth.internal.FederatedSignInActivity"
108-->[com.google.firebase:firebase-auth:19.2.0] AndroidManifest.xml:25:13-85
109            android:excludeFromRecents="true"
109-->[com.google.firebase:firebase-auth:19.2.0] AndroidManifest.xml:26:13-46
110            android:exported="true"
110-->[com.google.firebase:firebase-auth:19.2.0] AndroidManifest.xml:27:13-36
111            android:launchMode="singleTask"
111-->[com.google.firebase:firebase-auth:19.2.0] AndroidManifest.xml:28:13-44
112            android:permission="com.google.firebase.auth.api.gms.permission.LAUNCH_FEDERATED_SIGN_IN"
112-->[com.google.firebase:firebase-auth:19.2.0] AndroidManifest.xml:29:13-102
113            android:theme="@android:style/Theme.Translucent.NoTitleBar" />
113-->[com.google.firebase:firebase-auth:19.2.0] AndroidManifest.xml:30:13-72
114
115        <receiver
115-->[com.google.android.gms:play-services-measurement:17.2.2] AndroidManifest.xml:29:9-33:20
116            android:name="com.google.android.gms.measurement.AppMeasurementReceiver"
116-->[com.google.android.gms:play-services-measurement:17.2.2] AndroidManifest.xml:30:13-85
117            android:enabled="true"
117-->[com.google.android.gms:play-services-measurement:17.2.2] AndroidManifest.xml:31:13-35
118            android:exported="false" >
118-->[com.google.android.gms:play-services-measurement:17.2.2] AndroidManifest.xml:32:13-37
119        </receiver>
120        <receiver
120-->[com.google.android.gms:play-services-measurement:17.2.2] AndroidManifest.xml:34:9-42:20
121            android:name="com.google.android.gms.measurement.AppMeasurementInstallReferrerReceiver"
121-->[com.google.android.gms:play-services-measurement:17.2.2] AndroidManifest.xml:35:13-100
122            android:enabled="true"
122-->[com.google.android.gms:play-services-measurement:17.2.2] AndroidManifest.xml:36:13-35
123            android:exported="true"
123-->[com.google.android.gms:play-services-measurement:17.2.2] AndroidManifest.xml:37:13-36
124            android:permission="android.permission.INSTALL_PACKAGES" >
124-->[com.google.android.gms:play-services-measurement:17.2.2] AndroidManifest.xml:38:13-69
125            <intent-filter>
125-->[com.google.android.gms:play-services-measurement:17.2.2] AndroidManifest.xml:39:13-41:29
126                <action android:name="com.android.vending.INSTALL_REFERRER" />
126-->[com.google.android.gms:play-services-measurement:17.2.2] AndroidManifest.xml:40:17-79
126-->[com.google.android.gms:play-services-measurement:17.2.2] AndroidManifest.xml:40:25-76
127            </intent-filter>
128        </receiver>
129
130        <service
130-->[com.google.android.gms:play-services-measurement:17.2.2] AndroidManifest.xml:44:9-47:40
131            android:name="com.google.android.gms.measurement.AppMeasurementService"
131-->[com.google.android.gms:play-services-measurement:17.2.2] AndroidManifest.xml:45:13-84
132            android:enabled="true"
132-->[com.google.android.gms:play-services-measurement:17.2.2] AndroidManifest.xml:46:13-35
133            android:exported="false" />
133-->[com.google.android.gms:play-services-measurement:17.2.2] AndroidManifest.xml:47:13-37
134        <service
134-->[com.google.android.gms:play-services-measurement:17.2.2] AndroidManifest.xml:48:9-52:72
135            android:name="com.google.android.gms.measurement.AppMeasurementJobService"
135-->[com.google.android.gms:play-services-measurement:17.2.2] AndroidManifest.xml:49:13-87
136            android:enabled="true"
136-->[com.google.android.gms:play-services-measurement:17.2.2] AndroidManifest.xml:50:13-35
137            android:exported="false"
137-->[com.google.android.gms:play-services-measurement:17.2.2] AndroidManifest.xml:51:13-37
138            android:permission="android.permission.BIND_JOB_SERVICE" />
138-->[com.google.android.gms:play-services-measurement:17.2.2] AndroidManifest.xml:52:13-69
139
140        <activity
140-->[com.google.android.gms:play-services-auth:16.0.1] AndroidManifest.xml:23:9-27:75
141            android:name="com.google.android.gms.auth.api.signin.internal.SignInHubActivity"
141-->[com.google.android.gms:play-services-auth:16.0.1] AndroidManifest.xml:24:13-93
142            android:excludeFromRecents="true"
142-->[com.google.android.gms:play-services-auth:16.0.1] AndroidManifest.xml:25:13-46
143            android:exported="false"
143-->[com.google.android.gms:play-services-auth:16.0.1] AndroidManifest.xml:26:13-37
144            android:theme="@android:style/Theme.Translucent.NoTitleBar" />
144-->[com.google.android.gms:play-services-auth:16.0.1] AndroidManifest.xml:27:13-72
145        <!--
146            Service handling Google Sign-In user revocation. For apps that do not integrate with
147            Google Sign-In, this service will never be started.
148        -->
149        <service
149-->[com.google.android.gms:play-services-auth:16.0.1] AndroidManifest.xml:33:9-36:110
150            android:name="com.google.android.gms.auth.api.signin.RevocationBoundService"
150-->[com.google.android.gms:play-services-auth:16.0.1] AndroidManifest.xml:34:13-89
151            android:exported="true"
151-->[com.google.android.gms:play-services-auth:16.0.1] AndroidManifest.xml:35:13-36
152            android:permission="com.google.android.gms.auth.api.signin.permission.REVOCATION_NOTIFICATION" />
152-->[com.google.android.gms:play-services-auth:16.0.1] AndroidManifest.xml:36:13-107
153
154        <receiver
154-->[com.google.firebase:firebase-iid:20.0.2] AndroidManifest.xml:37:9-44:20
155            android:name="com.google.firebase.iid.FirebaseInstanceIdReceiver"
155-->[com.google.firebase:firebase-iid:20.0.2] AndroidManifest.xml:38:13-78
156            android:exported="true"
156-->[com.google.firebase:firebase-iid:20.0.2] AndroidManifest.xml:39:13-36
157            android:permission="com.google.android.c2dm.permission.SEND" >
157-->[com.google.firebase:firebase-iid:20.0.2] AndroidManifest.xml:40:13-73
158            <intent-filter>
158-->[com.google.firebase:firebase-iid:20.0.2] AndroidManifest.xml:41:13-43:29
159                <action android:name="com.google.android.c2dm.intent.RECEIVE" />
159-->[com.google.firebase:firebase-iid:20.0.2] AndroidManifest.xml:42:17-81
159-->[com.google.firebase:firebase-iid:20.0.2] AndroidManifest.xml:42:25-78
160            </intent-filter>
161        </receiver>
162
163        <provider
163-->[com.google.firebase:firebase-common:19.3.0] AndroidManifest.xml:26:9-30:39
164            android:name="com.google.firebase.provider.FirebaseInitProvider"
164-->[com.google.firebase:firebase-common:19.3.0] AndroidManifest.xml:27:13-77
165            android:authorities="com.example.weighttrackerapp.firebaseinitprovider"
165-->[com.google.firebase:firebase-common:19.3.0] AndroidManifest.xml:28:13-72
166            android:exported="false"
166-->[com.google.firebase:firebase-common:19.3.0] AndroidManifest.xml:29:13-37
167            android:initOrder="100" />
167-->[com.google.firebase:firebase-common:19.3.0] AndroidManifest.xml:30:13-36
168
169        <activity
169-->[com.google.android.gms:play-services-base:17.1.0] AndroidManifest.xml:23:9-26:75
170            android:name="com.google.android.gms.common.api.GoogleApiActivity"
170-->[com.google.android.gms:play-services-base:17.1.0] AndroidManifest.xml:24:13-79
171            android:exported="false"
171-->[com.google.android.gms:play-services-base:17.1.0] AndroidManifest.xml:25:13-37
172            android:theme="@android:style/Theme.Translucent.NoTitleBar" />
172-->[com.google.android.gms:play-services-base:17.1.0] AndroidManifest.xml:26:13-72
173
174        <meta-data
174-->[com.google.android.gms:play-services-basement:17.0.0] AndroidManifest.xml:23:9-25:69
175            android:name="com.google.android.gms.version"
175-->[com.google.android.gms:play-services-basement:17.0.0] AndroidManifest.xml:24:13-58
176            android:value="@integer/google_play_services_version" />
176-->[com.google.android.gms:play-services-basement:17.0.0] AndroidManifest.xml:25:13-66
177    </application>
178
179</manifest>